0 info it worked if it ends with ok
1 verbose cli [ 'C:\\Program Files\\nodejs\\node.exe',
1 verbose cli   'C:\\Users\\pkdo1\\AppData\\Roaming\\npm\\node_modules\\npm\\bin\\npm-cli.js',
1 verbose cli   'start' ]
2 info using npm@3.8.5
3 info using node@v5.3.0
4 verbose run-script [ 'prestart', 'start', 'poststart' ]
5 info lifecycle moshe@1.0.0~prestart: moshe@1.0.0
6 silly lifecycle moshe@1.0.0~prestart: no script for prestart, continuing
7 info lifecycle moshe@1.0.0~start: moshe@1.0.0
8 verbose lifecycle moshe@1.0.0~start: unsafe-perm in lifecycle true
9 verbose lifecycle moshe@1.0.0~start: PATH: C:\Users\pkdo1\AppData\Roaming\npm\node_modules\npm\bin\node-gyp-bin;C:\dev\TakeAndGive_Project\node_modules\.bin;C:\Program Files\nodejs;C:\ProgramData\Oracle\Java\javapath;C:\oraclexe\app\oracle\product\11.2.0\server\bin;C:\WINDOWS\system32;C:\WINDOWS;C:\WINDOWS\System32\Wbem;C:\WINDOWS\System32\WindowsPowerShell\v1.0\;C:\Program Files\Microsoft SQL Server\120\Tools\Binn\;C:\Users\pkdo1\.dnx\bin;C:\Program Files\Microsoft DNX\Dnvm\;C:\Program Files (x86)\Windows Kits\8.1\Windows Performance Toolkit\;C:\Program Files\nodejs\;C:\Program Files (x86)\Heroku\bin;C:\Program Files (x86)\git\cmd;C:\Program Files (x86)\HP\LeanFT\bin;C:\Ruby23\bin;C:\Users\pkdo1\AppData\Roaming\npm;C:\Users\pkdo1\AppData\Local\GitHub\PortableGit_c2ba306e536fdf878271f7fe636a147ff37326ad\libexec\git-core
10 verbose lifecycle moshe@1.0.0~start: CWD: C:\dev\TakeAndGive_Project
11 silly lifecycle moshe@1.0.0~start: Args: [ '/d /s /c', 'node server.js' ]
12 silly lifecycle moshe@1.0.0~start: Returned: code: 1  signal: null
13 info lifecycle moshe@1.0.0~start: Failed to exec start script
14 verbose stack Error: moshe@1.0.0 start: `node server.js`
14 verbose stack Exit status 1
14 verbose stack     at EventEmitter.<anonymous> (C:\Users\pkdo1\AppData\Roaming\npm\node_modules\npm\lib\utils\lifecycle.js:239:16)
14 verbose stack     at emitTwo (events.js:87:13)
14 verbose stack     at EventEmitter.emit (events.js:172:7)
14 verbose stack     at ChildProcess.<anonymous> (C:\Users\pkdo1\AppData\Roaming\npm\node_modules\npm\lib\utils\spawn.js:24:14)
14 verbose stack     at emitTwo (events.js:87:13)
14 verbose stack     at ChildProcess.emit (events.js:172:7)
14 verbose stack     at maybeClose (internal/child_process.js:818:16)
14 verbose stack     at Process.ChildProcess._handle.onexit (internal/child_process.js:211:5)
15 verbose pkgid moshe@1.0.0
16 verbose cwd C:\dev\TakeAndGive_Project
17 error Windows_NT 10.0.10586
18 error argv "C:\\Program Files\\nodejs\\node.exe" "C:\\Users\\pkdo1\\AppData\\Roaming\\npm\\node_modules\\npm\\bin\\npm-cli.js" "start"
19 error node v5.3.0
20 error npm  v3.8.5
21 error code ELIFECYCLE
22 error moshe@1.0.0 start: `node server.js`
22 error Exit status 1
23 error Failed at the moshe@1.0.0 start script 'node server.js'.
23 error Make sure you have the latest version of node.js and npm installed.
23 error If you do, this is most likely a problem with the moshe package,
23 error not with npm itself.
23 error Tell the author that this fails on your system:
23 error     node server.js
23 error You can get information on how to open an issue for this project with:
23 error     npm bugs moshe
23 error Or if that isn't available, you can get their info via:
23 error     npm owner ls moshe
23 error There is likely additional logging output above.
24 verbose exit [ 1, true ]
